<?xml version="1.0" encoding="UTF-8"?>
<!-- Generated by org.testng.reporters.JUnitReportReporter -->
<testsuite hostname="DESKTOP-IU8RUFA" failures="0" tests="1" name="Com_Web_LumaSite_test.LumaTest" time="6.884" errors="0" timestamp="2023-12-04T14:57:06 IST" skipped="0">
  <testcase classname="Com_Web_LumaSite_test.LumaTest" name="Creation" time="6.884"/>
  <system-out/>
</testsuite> <!-- Com_Web_LumaSite_test.LumaTest -->
